# JRE version: OpenJDK Runtime Environment JBR-11.0.8.10-944.34-jcef (11.0.8+10) (build 11.0.8+10-b944.34)
# Java VM: OpenJDK 64-Bit Server VM JBR-11.0.8.10-944.34-jcef (11.0.8+10-b944.34, mixed mode, tiered, compressed oops, g1 gc, windows-amd64)
Heap:
 garbage-first heap   total 125952K, used 104876K [0x0000000080000000, 0x0000000100000000)
  region size 1024K, 23 young (23552K), 2 survivors (2048K)
 Metaspace       used 82261K, capacity 84273K, committed 84528K, reserved 1122304K
  class space    used 10629K, capacity 11277K, committed 11392K, reserved 1048576K
GC Heap History (20 events):
Event: 80.772 GC heap before
{Heap before GC invocations=73 (full 0):
 garbage-first heap   total 125952K, used 92415K [0x0000000080000000, 0x0000000100000000)
  region size 1024K, 26 young (26624K), 3 survivors (3072K)
 Metaspace       used 63095K, capacity 64760K, committed 65072K, reserved 1105920K
  class space    used 7970K, capacity 8501K, committed 8576K, reserved 1048576K
}
Event: 80.794 GC heap after
{Heap after GC invocations=74 (full 0):
 garbage-first heap   total 125952K, used 71181K [0x0000000080000000, 0x0000000100000000)
  region size 1024K, 4 young (4096K), 4 survivors (4096K)
 Metaspace       used 63095K, capacity 64760K, committed 65072K, reserved 1105920K
  class space    used 7970K, capacity 8501K, committed 8576K, reserved 1048576K
}
Event: 85.241 GC heap before
{Heap before GC invocations=74 (full 0):
 garbage-first heap   total 125952K, used 94733K [0x0000000080000000, 0x0000000100000000)
  region size 1024K, 27 young (27648K), 4 survivors (4096K)
 Metaspace       used 65965K, capacity 67689K, committed 67888K, reserved 1107968K
  class space    used 8434K, capacity 8981K, committed 9088K, reserved 1048576K
}
Event: 85.262 GC heap after
{Heap after GC invocations=75 (full 0):
 garbage-first heap   total 125952K, used 72709K [0x0000000080000000, 0x0000000100000000)
  region size 1024K, 4 young (4096K), 4 survivors (4096K)
 Metaspace       used 65965K, capacity 67689K, committed 67888K, reserved 1107968K
  class space    used 8434K, capacity 8981K, committed 9088K, reserved 1048576K
}
Event: 88.321 GC heap before
{Heap before GC invocations=76 (full 0):
 garbage-first heap   total 125952K, used 96261K [0x0000000080000000, 0x0000000100000000)
  region size 1024K, 27 young (27648K), 4 survivors (4096K)
 Metaspace       used 68182K, capacity 70064K, committed 70192K, reserved 1110016K
  class space    used 8767K, capacity 9329K, committed 9344K, reserved 1048576K
}
Event: 88.341 GC heap after
{Heap after GC invocations=77 (full 0):
 garbage-first heap   total 125952K, used 74724K [0x0000000080000000, 0x0000000100000000)
  region size 1024K, 4 young (4096K), 4 survivors (4096K)
 Metaspace       used 68182K, capacity 70064K, committed 70192K, reserved 1110016K
  class space    used 8767K, capacity 9329K, committed 9344K, reserved 1048576K
}
Event: 89.927 GC heap before
{Heap before GC invocations=77 (full 0):
 garbage-first heap   total 125952K, used 98276K [0x0000000080000000, 0x0000000100000000)
  region size 1024K, 27 young (27648K), 4 survivors (4096K)
 Metaspace       used 69921K, capacity 71747K, committed 71984K, reserved 1112064K
  class space    used 8990K, capacity 9563K, committed 9600K, reserved 1048576K
}
Event: 89.943 GC heap after
{Heap after GC invocations=78 (full 0):
 garbage-first heap   total 125952K, used 76111K [0x0000000080000000, 0x0000000100000000)
  region size 1024K, 4 young (4096K), 4 survivors (4096K)
 Metaspace       used 69921K, capacity 71747K, committed 71984K, reserved 1112064K
  class space    used 8990K, capacity 9563K, committed 9600K, reserved 1048576K
}
Event: 91.350 GC heap before
{Heap before GC invocations=79 (full 0):
 garbage-first heap   total 125952K, used 99663K [0x0000000080000000, 0x0000000100000000)
  region size 1024K, 28 young (28672K), 4 survivors (4096K)
 Metaspace       used 71340K, capacity 73159K, committed 73264K, reserved 1112064K
  class space    used 9193K, capacity 9764K, committed 9856K, reserved 1048576K
}
Event: 91.366 GC heap after
{Heap after GC invocations=80 (full 0):
 garbage-first heap   total 125952K, used 77467K [0x0000000080000000, 0x0000000100000000)
  region size 1024K, 3 young (3072K), 3 survivors (3072K)
 Metaspace       used 71340K, capacity 73159K, committed 73264K, reserved 1112064K
  class space    used 9193K, capacity 9764K, committed 9856K, reserved 1048576K
}
Event: 92.731 GC heap before
{Heap before GC invocations=80 (full 0):
 garbage-first heap   total 125952K, used 102043K [0x0000000080000000, 0x0000000100000000)
  region size 1024K, 27 young (27648K), 3 survivors (3072K)
 Metaspace       used 72909K, capacity 74808K, committed 75056K, reserved 1114112K
  class space    used 9432K, capacity 10027K, committed 10112K, reserved 1048576K
}
Event: 92.745 GC heap after
{Heap after GC invocations=81 (full 0):
 garbage-first heap   total 125952K, used 79444K [0x0000000080000000, 0x0000000100000000)
  region size 1024K, 4 young (4096K), 4 survivors (4096K)
 Metaspace       used 72909K, capacity 74808K, committed 75056K, reserved 1114112K
  class space    used 9432K, capacity 10027K, committed 10112K, reserved 1048576K
}
Event: 96.671 GC heap before
{Heap before GC invocations=82 (full 0):
 garbage-first heap   total 125952K, used 102996K [0x0000000080000000, 0x0000000100000000)
  region size 1024K, 27 young (27648K), 4 survivors (4096K)
 Metaspace       used 74906K, capacity 76788K, committed 76976K, reserved 1116160K
  class space    used 9623K, capacity 10204K, committed 10240K, reserved 1048576K
}
Event: 96.691 GC heap after
{Heap after GC invocations=83 (full 0):
 garbage-first heap   total 125952K, used 81551K [0x0000000080000000, 0x0000000100000000)
  region size 1024K, 4 young (4096K), 4 survivors (4096K)
 Metaspace       used 74906K, capacity 76788K, committed 76976K, reserved 1116160K
  class space    used 9623K, capacity 10204K, committed 10240K, reserved 1048576K
}
Event: 99.133 GC heap before
{Heap before GC invocations=83 (full 0):
 garbage-first heap   total 125952K, used 104079K [0x0000000080000000, 0x0000000100000000)
  region size 1024K, 27 young (27648K), 4 survivors (4096K)
 Metaspace       used 75982K, capacity 77936K, committed 78256K, reserved 1118208K
  class space    used 9772K, capacity 10391K, committed 10496K, reserved 1048576K
}
Event: 99.149 GC heap after
{Heap after GC invocations=84 (full 0):
 garbage-first heap   total 125952K, used 83231K [0x0000000080000000, 0x0000000100000000)
  region size 1024K, 4 young (4096K), 4 survivors (4096K)
 Metaspace       used 75982K, capacity 77936K, committed 78256K, reserved 1118208K
  class space    used 9772K, capacity 10391K, committed 10496K, reserved 1048576K
}
Event: 100.282 GC heap before
{Heap before GC invocations=85 (full 0):
 garbage-first heap   total 125952K, used 105759K [0x0000000080000000, 0x0000000100000000)
  region size 1024K, 26 young (26624K), 4 survivors (4096K)
 Metaspace       used 78053K, capacity 80057K, committed 80304K, reserved 1118208K
  class space    used 10095K, capacity 10728K, committed 10752K, reserved 1048576K
}
Event: 100.299 GC heap after
{Heap after GC invocations=86 (full 0):
 garbage-first heap   total 125952K, used 83954K [0x0000000080000000, 0x0000000100000000)
  region size 1024K, 3 young (3072K), 3 survivors (3072K)
 Metaspace       used 78053K, capacity 80057K, committed 80304K, reserved 1118208K
  class space    used 10095K, capacity 10728K, committed 10752K, reserved 1048576K
}
Event: 101.542 GC heap before
{Heap before GC invocations=86 (full 0):
 garbage-first heap   total 125952K, used 106482K [0x0000000080000000, 0x0000000100000000)
  region size 1024K, 25 young (25600K), 3 survivors (3072K)
 Metaspace       used 80238K, capacity 82225K, committed 82480K, reserved 1120256K
  class space    used 10384K, capacity 11021K, committed 11136K, reserved 1048576K
}
Event: 101.552 GC heap after
{Heap after GC invocations=87 (full 0):
 garbage-first heap   total 125952K, used 84396K [0x0000000080000000, 0x0000000100000000)
  region size 1024K, 2 young (2048K), 2 survivors (2048K)
 Metaspace       used 80238K, capacity 82225K, committed 82480K, reserved 1120256K
  class space    used 10384K, capacity 11021K, committed 11136K, reserved 1048576K
}

